#
# There is insufficient memory for the Java Runtime Environment to continue.
# Native memory allocation (malloc) failed to allocate 1134096 bytes for Chunk::new
# Possible reasons:
#   The system is out of physical RAM or swap space
#   In 32 bit mode, the process size limit was hit
# Possible solutions:
#   Reduce memory load on the system
#   Increase physical memory or swap space
#   Check if swap backing store is full
#   Use 64 bit Java on a 64 bit OS
#   Decrease Java heap size (-Xmx/-Xms)
#   Decrease number of Java threads
#   Decrease Java thread stack sizes (-Xss)
#   Set larger code cache with -XX:ReservedCodeCacheSize=
# This output file may be truncated or incomplete.
#
#  Out of Memory Error (allocation.cpp:390), pid=5824, tid=1436
#
# JRE version: Java(TM) SE Runtime Environment (8.0_45-b15) (build 1.8.0_45-b15)
# Java VM: Java HotSpot(TM) 64-Bit Server VM (25.45-b02 mixed mode windows-amd64 compressed oops)
# Failed to write core dump. Minidumps are not enabled by default on client versions of Windows
#

---------------  T H R E A D  ---------------

Current thread (0x0000000054e2e800):  JavaThread "C2 CompilerThread0" daemon [_thread_in_native, id=1436, stack(0x0000000056910000,0x0000000056a10000)]

Stack: [0x0000000056910000,0x0000000056a10000]
Native frames: (J=compiled Java code, j=interpreted, Vv=VM code, C=native code)
V  [jvm.dll+0x32b57a]


Current CompileTask:
C2:   1921 2331       4       com.android.dx.merge.DexMerger::transformDebugInfoItem (313 bytes)


---------------  P R O C E S S  ---------------

Java Threads: ( => current thread )
  0x00000000563ef800 JavaThread "Service Thread" daemon [_thread_blocked, id=3948, stack(0x0000000056f20000,0x0000000057020000)]
  0x000000005636b800 JavaThread "C1 CompilerThread2" daemon [_thread_blocked, id=4884, stack(0x0000000056cf0000,0x0000000056df0000)]
  0x000000005636a800 JavaThread "C2 CompilerThread1" daemon [_thread_in_native, id=3192, stack(0x0000000056b50000,0x0000000056c50000)]
=>0x0000000054e2e800 JavaThread "C2 CompilerThread0" daemon [_thread_in_native, id=1436, stack(0x0000000056910000,0x0000000056a10000)]
  0x0000000054e2b800 JavaThread "Attach Listener" daemon [_thread_blocked, id=1592, stack(0x0000000055f00000,0x0000000056000000)]
  0x000000005635a800 JavaThread "Signal Dispatcher" daemon [_thread_blocked, id=4272, stack(0x0000000056810000,0x0000000056910000)]
  0x0000000054dc6000 JavaThread "Finalizer" daemon [_thread_blocked, id=4796, stack(0x0000000056250000,0x0000000056350000)]
  0x0000000054dbf000 JavaThread "Reference Handler" daemon [_thread_blocked, id=2756, stack(0x00000000560a0000,0x00000000561a0000)]
  0x000000000202e000 JavaThread "main" [_thread_in_Java, id=4700, stack(0x0000000002430000,0x0000000002530000)]

Other Threads:
  0x0000000054dbb800 VMThread [stack: 0x0000000055e00000,0x0000000055f00000] [id=1080]
  0x0000000056402800 WatcherThread [stack: 0x0000000056df0000,0x0000000056ef0000] [id=6028]

VM state:not at safepoint (normal execution)

VM Mutex/Monitor currently owned by a thread: None

Heap:
 PSYoungGen      total 35328K, used 3209K [0x00000000eab00000, 0x00000000efc00000, 0x0000000100000000)
  eden space 32768K, 1% used [0x00000000eab00000,0x00000000eaba38c8,0x00000000ecb00000)
  from space 2560K, 99% used [0x00000000ecb00000,0x00000000ecd7ee80,0x00000000ecd80000)
  to   space 8704K, 0% used [0x00000000ef380000,0x00000000ef380000,0x00000000efc00000)
 ParOldGen       total 44032K, used 17848K [0x00000000c0000000, 0x00000000c2b00000, 0x00000000eab00000)
  object space 44032K, 40% used [0x00000000c0000000,0x00000000c116e0f8,0x00000000c2b00000)
 Metaspace       used 7625K, capacity 8100K, committed 8320K, reserved 1056768K
  class space    used 751K, capacity 788K, committed 896K, reserved 1048576K

Card table byte_map: [0x00000000118f0000,0x0000000011b00000] byte_map_base: 0x00000000112f0000

Marking Bits: (ParMarkBitMap*) 0x0000000066964040
 Begin Bits: [0x0000000012230000, 0x0000000013230000)
 End Bits:   [0x0000000013230000, 0x0000000014230000)

Polling page: 0x0000000000220000

CodeCache: size=245760Kb used=7520Kb max_used=7532Kb free=238239Kb
 bounds [0x0000000002530000, 0x0000000002ca0000, 0x0000000011530000]
 total_blobs=2629 nmethods=2338 adapters=204
 compilation: enabled

Compilation events (10 events):
Event: 1.901 Thread 0x000000005636b800 2379 %     3       com.android.dex.Dex$Section::alignToFourBytesWithZeroFill @ 0 (25 bytes)
Event: 1.901 Thread 0x000000005636b800 nmethod 2379% 0x0000000002c89f90 code [0x0000000002c8a100, 0x0000000002c8a488]
Event: 1.902 Thread 0x000000005636b800 2380       2       com.android.dx.io.instructions.BaseCodeCursor::baseAddressForCursor (25 bytes)
Event: 1.902 Thread 0x000000005636b800 nmethod 2380 0x0000000002c89a90 code [0x0000000002c89c00, 0x0000000002c89e18]
Event: 1.902 Thread 0x000000005636b800 2381       2       com.android.dx.io.instructions.AddressMap::get (28 bytes)
Event: 1.903 Thread 0x000000005636b800 nmethod 2381 0x0000000002c8cb10 code [0x0000000002c8cc80, 0x0000000002c8cee8]
Event: 1.905 Thread 0x000000005636a800 nmethod 2369 0x0000000002c90290 code [0x0000000002c90420, 0x0000000002c90a18]
Event: 1.905 Thread 0x000000005636a800 2339       4       com.android.dx.merge.InstructionTransformer$MethodVisitor::visit (63 bytes)
Event: 1.908 Thread 0x000000005636a800 nmethod 2339 0x0000000002c911d0 code [0x0000000002c91320, 0x0000000002c914b8]
Event: 1.908 Thread 0x000000005636a800 2347 %     4       com.android.dex.Dex$Section::write @ 8 (33 bytes)

GC Heap History (9 events):
Event: 0.703 GC heap before
{Heap before GC invocations=1 (full 0):
 PSYoungGen      total 18944K, used 16384K [0x00000000eab00000, 0x00000000ec000000, 0x0000000100000000)
  eden space 16384K, 100% used [0x00000000eab00000,0x00000000ebb00000,0x00000000ebb00000)
  from space 2560K, 0% used [0x00000000ebd80000,0x00000000ebd80000,0x00000000ec000000)
  to   space 2560K, 0% used [0x00000000ebb00000,0x00000000ebb00000,0x00000000ebd80000)
 ParOldGen       total 44032K, used 0K [0x00000000c0000000, 0x00000000c2b00000, 0x00000000eab00000)
  object space 44032K, 0% used [0x00000000c0000000,0x00000000c0000000,0x00000000c2b00000)
 Metaspace       used 5430K, capacity 6768K, committed 7040K, reserved 1056768K
  class space    used 547K, capacity 616K, committed 640K, reserved 1048576K
Event: 0.710 GC heap after
Heap after GC invocations=1 (full 0):
 PSYoungGen      total 18944K, used 2557K [0x00000000eab00000, 0x00000000ec000000, 0x0000000100000000)
  eden space 16384K, 0% used [0x00000000eab00000,0x00000000eab00000,0x00000000ebb00000)
  from space 2560K, 99% used [0x00000000ebb00000,0x00000000ebd7f550,0x00000000ebd80000)
  to   space 2560K, 0% used [0x00000000ebd80000,0x00000000ebd80000,0x00000000ec000000)
 ParOldGen       total 44032K, used 2288K [0x00000000c0000000, 0x00000000c2b00000, 0x00000000eab00000)
  object space 44032K, 5% used [0x00000000c0000000,0x00000000c023c3a0,0x00000000c2b00000)
 Metaspace       used 5430K, capacity 6768K, committed 7040K, reserved 1056768K
  class space    used 547K, capacity 616K, committed 640K, reserved 1048576K
}
Event: 1.012 GC heap before
{Heap before GC invocations=2 (full 0):
 PSYoungGen      total 18944K, used 18941K [0x00000000eab00000, 0x00000000ec000000, 0x0000000100000000)
  eden space 16384K, 100% used [0x00000000eab00000,0x00000000ebb00000,0x00000000ebb00000)
  from space 2560K, 99% used [0x00000000ebb00000,0x00000000ebd7f550,0x00000000ebd80000)
  to   space 2560K, 0% used [0x00000000ebd80000,0x00000000ebd80000,0x00000000ec000000)
 ParOldGen       total 44032K, used 2288K [0x00000000c0000000, 0x00000000c2b00000, 0x00000000eab00000)
  object space 44032K, 5% used [0x00000000c0000000,0x00000000c023c3a0,0x00000000c2b00000)
 Metaspace       used 5623K, capacity 6896K, committed 7040K, reserved 1056768K
  class space    used 551K, capacity 616K, committed 640K, reserved 1048576K
Event: 1.023 GC heap after
Heap after GC invocations=2 (full 0):
 PSYoungGen      total 18944K, used 2555K [0x00000000eab00000, 0x00000000ed000000, 0x0000000100000000)
  eden space 16384K, 0% used [0x00000000eab00000,0x00000000eab00000,0x00000000ebb00000)
  from space 2560K, 99% used [0x00000000ebd80000,0x00000000ebffee98,0x00000000ec000000)
  to   space 2560K, 0% used [0x00000000ebb00000,0x00000000ebb00000,0x00000000ebd80000)
 ParOldGen       total 44032K, used 5104K [0x00000000c0000000, 0x00000000c2b00000, 0x00000000eab00000)
  object space 44032K, 11% used [0x00000000c0000000,0x00000000c04fc0d8,0x00000000c2b00000)
 Metaspace       used 5623K, capacity 6896K, committed 7040K, reserved 1056768K
  class space    used 551K, capacity 616K, committed 640K, reserved 1048576K
}
Event: 1.370 GC heap before
{Heap before GC invocations=3 (full 0):
 PSYoungGen      total 18944K, used 18939K [0x00000000eab00000, 0x00000000ed000000, 0x0000000100000000)
  eden space 16384K, 100% used [0x00000000eab00000,0x00000000ebb00000,0x00000000ebb00000)
  from space 2560K, 99% used [0x00000000ebd80000,0x00000000ebffee98,0x00000000ec000000)
  to   space 2560K, 0% used [0x00000000ebb00000,0x00000000ebb00000,0x00000000ebd80000)
 ParOldGen       total 44032K, used 5104K [0x00000000c0000000, 0x00000000c2b00000, 0x00000000eab00000)
  object space 44032K, 11% used [0x00000000c0000000,0x00000000c04fc0d8,0x00000000c2b00000)
 Metaspace       used 6374K, capacity 7376K, committed 7680K, reserved 1056768K
  class space    used 616K, capacity 648K, committed 768K, reserved 1048576K
Event: 1.379 GC heap after
Heap after GC invocations=3 (full 0):
 PSYoungGen      total 18944K, used 2555K [0x00000000eab00000, 0x00000000ed000000, 0x0000000100000000)
  eden space 16384K, 0% used [0x00000000eab00000,0x00000000eab00000,0x00000000ebb00000)
  from space 2560K, 99% used [0x00000000ebb00000,0x00000000ebd7ee80,0x00000000ebd80000)
  to   space 2560K, 0% used [0x00000000ecd80000,0x00000000ecd80000,0x00000000ed000000)
 ParOldGen       total 44032K, used 8169K [0x00000000c0000000, 0x00000000c2b00000, 0x00000000eab00000)
  object space 44032K, 18% used [0x00000000c0000000,0x00000000c07fa708,0x00000000c2b00000)
 Metaspace       used 6374K, capacity 7376K, committed 7680K, reserved 1056768K
  class space    used 616K, capacity 648K, committed 768K, reserved 1048576K
}
Event: 1.703 GC heap before
{Heap before GC invocations=4 (full 0):
 PSYoungGen      total 18944K, used 18939K [0x00000000eab00000, 0x00000000ed000000, 0x0000000100000000)
  eden space 16384K, 100% used [0x00000000eab00000,0x00000000ebb00000,0x00000000ebb00000)
  from space 2560K, 99% used [0x00000000ebb00000,0x00000000ebd7ee80,0x00000000ebd80000)
  to   space 2560K, 0% used [0x00000000ecd80000,0x00000000ecd80000,0x00000000ed000000)
 ParOldGen       total 44032K, used 8169K [0x00000000c0000000, 0x00000000c2b00000, 0x00000000eab00000)
  object space 44032K, 18% used [0x00000000c0000000,0x00000000c07fa708,0x00000000c2b00000)
 Metaspace       used 7583K, capacity 8100K, committed 8320K, reserved 1056768K
  class space    used 751K, capacity 788K, committed 896K, reserved 1048576K
Event: 1.712 GC heap after
Heap after GC invocations=4 (full 0):
 PSYoungGen      total 35328K, used 2555K [0x00000000eab00000, 0x00000000ed000000, 0x0000000100000000)
  eden space 32768K, 0% used [0x00000000eab00000,0x00000000eab00000,0x00000000ecb00000)
  from space 2560K, 99% used [0x00000000ecd80000,0x00000000ecffee80,0x00000000ed000000)
  to   space 2560K, 0% used [0x00000000ecb00000,0x00000000ecb00000,0x00000000ecd80000)
 ParOldGen       total 44032K, used 11860K [0x00000000c0000000, 0x00000000c2b00000, 0x00000000eab00000)
  object space 44032K, 26% used [0x00000000c0000000,0x00000000c0b95150,0x00000000c2b00000)
 Metaspace       used 7583K, capacity 8100K, committed 8320K, reserved 1056768K
  class space    used 751K, capacity 788K, committed 896K, reserved 1048576K
}
Event: 1.911 GC heap before
{Heap before GC invocations=5 (full 0):
 PSYoungGen      total 35328K, used 35323K [0x00000000eab00000, 0x00000000ed000000, 0x0000000100000000)
  eden space 32768K, 100% used [0x00000000eab00000,0x00000000ecb00000,0x00000000ecb00000)
  from space 2560K, 99% used [0x00000000ecd80000,0x00000000ecffee80,0x00000000ed000000)
  to   space 2560K, 0% used [0x00000000ecb00000,0x00000000ecb00000,0x00000000ecd80000)
 ParOldGen       total 44032K, used 11860K [0x00000000c0000000, 0x00000000c2b00000, 0x00000000eab00000)
  object space 44032K, 26% used [0x00000000c0000000,0x00000000c0b95150,0x00000000c2b00000)
 Metaspace       used 7625K, capacity 8100K, committed 8320K, reserved 1056768K
  class space    used 751K, capacity 788K, committed 896K, reserved 1048576K

Deoptimization events (10 events):
Event: 1.351 Thread 0x000000000202e000 Uncommon trap: reason=speculate_class_check action=maybe_recompile pc=0x0000000002af463c method=java.util.HashMap.putVal(ILjava/lang/Object;Ljava/lang/Object;ZZ)Ljava/lang/Object; @ 56
Event: 1.351 Thread 0x000000000202e000 Uncommon trap: reason=class_check action=maybe_recompile pc=0x0000000002ae8280 method=java.util.HashMap.putVal(ILjava/lang/Object;Ljava/lang/Object;ZZ)Ljava/lang/Object; @ 56
Event: 1.351 Thread 0x000000000202e000 Uncommon trap: reason=class_check action=maybe_recompile pc=0x0000000002ae8280 method=java.util.HashMap.putVal(ILjava/lang/Object;Ljava/lang/Object;ZZ)Ljava/lang/Object; @ 56
Event: 1.439 Thread 0x000000000202e000 Uncommon trap: reason=unstable_if action=reinterpret pc=0x00000000029ffca4 method=java.util.HashMap.resize()[Ljava/util/HashMap$Node; @ 206
Event: 1.527 Thread 0x000000000202e000 Uncommon trap: reason=unstable_if action=reinterpret pc=0x00000000026ba334 method=sun.misc.MetaIndex.mayContain(Ljava/lang/String;)Z @ 13
Event: 1.530 Thread 0x000000000202e000 Uncommon trap: reason=class_check action=maybe_recompile pc=0x00000000029e9b08 method=java.util.ArrayList.<init>(Ljava/util/Collection;)V @ 6
Event: 1.537 Thread 0x000000000202e000 Uncommon trap: reason=class_check action=maybe_recompile pc=0x00000000029e9b08 method=java.util.ArrayList.<init>(Ljava/util/Collection;)V @ 6
Event: 1.558 Thread 0x000000000202e000 Uncommon trap: reason=unstable_if action=reinterpret pc=0x0000000002b7e890 method=java.util.HashMap.putVal(ILjava/lang/Object;Ljava/lang/Object;ZZ)Ljava/lang/Object; @ 162
Event: 1.562 Thread 0x000000000202e000 Uncommon trap: reason=unstable_if action=reinterpret pc=0x0000000002af91e0 method=java.util.HashMap.getNode(ILjava/lang/Object;)Ljava/util/HashMap$Node; @ 84
Event: 1.612 Thread 0x000000000202e000 Uncommon trap: reason=predicate action=maybe_recompile pc=0x0000000002c08eec method=com.android.dex.Leb128.readUnsignedLeb128(Lcom/android/dex/util/ByteInput;)I @ 41

Internal exceptions (7 events):
Event: 0.046 Thread 0x000000000202e000 Exception <a 'java/lang/NoSuchMethodError': Method sun.misc.Unsafe.defineClass(Ljava/lang/String;[BII)Ljava/lang/Class; name or signature does not match> (0x00000000eab12f48) thrown at [C:\re\workspace\8-2-build-windows-amd64-cygwin\jdk8u45\3627\hotspot\srÈkãz§?
Event: 0.046 Thread 0x000000000202e000 Exception <a 'java/lang/NoSuchMethodError': Method sun.misc.Unsafe.prefetchRead(Ljava/lang/Object;J)V name or signature does not match> (0x00000000eab131d8) thrown at [C:\re\workspace\8-2-build-windows-amd64-cygwin\jdk8u45\3627\hotspot\src\share\vm\prims\j92î£7Þå?
Event: 0.683 Thread 0x000000000202e000 Implicit null exception at 0x000000000285be92 to 0x000000000285bf82
Event: 1.528 Thread 0x000000000202e000 Exception <a 'java/security/PrivilegedActionException'> (0x00000000eae86538) thrown at [C:\re\workspace\8-2-build-windows-amd64-cygwin\jdk8u45\3627\hotspot\src\share\vm\prims\jvm.cpp, line 1382]
Event: 1.528 Thread 0x000000000202e000 Exception <a 'java/security/PrivilegedActionException'> (0x00000000eae86880) thrown at [C:\re\workspace\8-2-build-windows-amd64-cygwin\jdk8u45\3627\hotspot\src\share\vm\prims\jvm.cpp, line 1382]
Event: 1.528 Thread 0x000000000202e000 Exception <a 'java/security/PrivilegedActionException'> (0x00000000eae8a938) thrown at [C:\re\workspace\8-2-build-windows-amd64-cygwin\jdk8u45\3627\hotspot\src\share\vm\prims\jvm.cpp, line 1382]
Event: 1.528 Thread 0x000000000202e000 Exception <a 'java/security/PrivilegedActionException'> (0x00000000eae8ac80) thrown at [C:\re\workspace\8-2-build-windows-amd64-cygwin\jdk8u45\3627\hotspot\src\share\vm\prims\jvm.cpp, line 1382]

Events (10 events):
Event: 1.755 Thread 0x000000000202e000 DEOPT UNPACKING pc=0x000000000257787f sp=0x000000000252e850 mode 0
Event: 1.756 Thread 0x000000000202e000 DEOPT PACKING pc=0x0000000002babf47 sp=0x000000000252eb50
Event: 1.756 Thread 0x000000000202e000 DEOPT UNPACKING pc=0x000000000257787f sp=0x000000000252e850 mode 0
Event: 1.756 Thread 0x000000000202e000 DEOPT PACKING pc=0x0000000002babef3 sp=0x000000000252eb50
Event: 1.756 Thread 0x000000000202e000 DEOPT UNPACKING pc=0x000000000257787f sp=0x000000000252e850 mode 0
Event: 1.787 Thread 0x000000000202e000 DEOPT PACKING pc=0x0000000002b529af sp=0x000000000252e9f0
Event: 1.787 Thread 0x000000000202e000 DEOPT UNPACKING pc=0x000000000257787f sp=0x000000000252e710 mode 0
Event: 1.891 Thread 0x000000000202e000 DEOPT PACKING pc=0x0000000002bf369c sp=0x000000000252eaa0
Event: 1.891 Thread 0x000000000202e000 DEOPT UNPACKING pc=0x000000000257787f sp=0x000000000252e7b8 mode 0
Event: 1.910 Executing VM operation: ParallelGCFailedAllocation


Dynamic libraries:
0x000000013fc10000 - 0x000000013fc47000 	C:\Program Files\Java\jdk1.8.0_45\bin\java.exe
0x0000000077360000 - 0x0000000077509000 	C:\Windows\SYSTEM32\ntdll.dll
0x0000000077240000 - 0x000000007735f000 	C:\Windows\system32\kernel32.dll
0x000007fefd480000 - 0x000007fefd4ec000 	C:\Windows\system32\KERNELBASE.dll
0x000007feff4c0000 - 0x000007feff59b000 	C:\Windows\system32\ADVAPI32.dll
0x000007fefecc0000 - 0x000007fefed5f000 	C:\Windows\system32\msvcrt.dll
0x000007fefdf10000 - 0x000007fefdf2f000 	C:\Windows\SYSTEM32\sechost.dll
0x000007fefed60000 - 0x000007fefee8d000 	C:\Windows\system32\RPCRT4.dll
0x0000000077140000 - 0x000000007723a000 	C:\Windows\system32\USER32.dll
0x000007fefd900000 - 0x000007fefd967000 	C:\Windows\system32\GDI32.dll
0x000007feff170000 - 0x000007feff17e000 	C:\Windows\system32\LPK.dll
0x000007fefd9f0000 - 0x000007fefdab9000 	C:\Windows\system32\USP10.dll
0x000007fefbca0000 - 0x000007fefbe94000 	C:\Windows\WinSxS\amd64_microsoft.windows.common-controls_6595b64144ccf1df_6.0.7601.17514_none_fa396087175ac9ac\COMCTL32.dll
0x000007fefdca0000 - 0x000007fefdd11000 	C:\Windows\system32\SHLWAPI.dll
0x000007feff5a0000 - 0x000007feff5ce000 	C:\Windows\system32\IMM32.DLL
0x000007fefde00000 - 0x000007fefdf09000 	C:\Windows\system32\MSCTF.dll
0x0000000073140000 - 0x0000000073212000 	C:\Program Files\Java\jdk1.8.0_45\jre\bin\msvcr100.dll
0x0000000066160000 - 0x00000000669e3000 	C:\Program Files\Java\jdk1.8.0_45\jre\bin\server\jvm.dll
0x000007fef8eb0000 - 0x000007fef8eb9000 	C:\Windows\system32\WSOCK32.dll
0x000007fefd970000 - 0x000007fefd9bd000 	C:\Windows\system32\WS2_32.dll
0x000007fefd9c0000 - 0x000007fefd9c8000 	C:\Windows\system32\NSI.dll
0x000007fef7470000 - 0x000007fef74ab000 	C:\Windows\system32\WINMM.dll
0x000007fefc410000 - 0x000007fefc41c000 	C:\Windows\system32\VERSION.dll
0x0000000077530000 - 0x0000000077537000 	C:\Windows\system32\PSAPI.DLL
0x0000000073a50000 - 0x0000000073a5f000 	C:\Program Files\Java\jdk1.8.0_45\jre\bin\verify.dll
0x00000000732d0000 - 0x00000000732f9000 	C:\Program Files\Java\jdk1.8.0_45\jre\bin\java.dll
0x00000000732b0000 - 0x00000000732c6000 	C:\Program Files\Java\jdk1.8.0_45\jre\bin\zip.dll
0x000007fefdf30000 - 0x000007fefecb9000 	C:\Windows\system32\SHELL32.dll
0x000007feff180000 - 0x000007feff383000 	C:\Windows\system32\ole32.dll
0x000007fefd2b0000 - 0x000007fefd2bf000 	C:\Windows\system32\profapi.dll

VM Arguments:
jvm_args: -Xmx1024M -Dfile.encoding=x-windows-949 -Duser.country=KR -Duser.language=ko -Duser.variant 
java_command: com.android.dx.command.Main --dex --output C:\Users\DuckG\Desktop\Pathword\MyApplication\app\build\intermediates\dex\debug C:\Users\DuckG\Desktop\Pathword\MyApplication\app\build\intermediates\classes\debug C:\Users\DuckG\Desktop\Pathword\MyApplication\app\build\intermediates\pre-dexed\debug\support-annotations-22.2.0-ac2f98c34c1d5c091435b7d7ba836b33ec915f06.jar C:\Users\DuckG\Desktop\Pathword\MyApplication\app\build\intermediates\pre-dexed\debug\classes-8c9737a54688a346b9e8617688614cc86845a551.jar C:\Users\DuckG\Desktop\Pathword\MyApplication\app\build\intermediates\pre-dexed\debug\internal_impl-22.2.0-3d2a7e21f6210c925432a526290f5d917c1af279.jar C:\Users\DuckG\Desktop\Pathword\MyApplication\app\build\intermediates\pre-dexed\debug\classes-1fbcc11d793157bd4faa20af771c1e992023dd13.jar C:\Users\DuckG\Desktop\Pathword\MyApplication\app\build\intermediates\pre-dexed\debug\classes-3fc662251be7214e85267023def9939e42321d6b.jar C:\Users\DuckG\Desktop\Pathword\MyApplication\app\build\intermediates\pre-dexed\debug\classes-059ef939d0bbcabf47f26c2ddba168238cea05e1.jar
java_class_path (initial): C:\Users\DuckG\AppData\Local\Android\sdk\build-tools\22.0.1\lib\dx.jar
Launcher Type: SUN_STANDARD

Environment Variables:
PATH=C:\ProgramData\Oracle\Java\javapath;C:\Program Files (x86)\Parallels\Parallels Tools\Applications;C:\Windows\system32;C:\Windows;C:\Windows\System32\Wbem;C:\Windows\System32\WindowsPowerShell\v1.0\;C:\Program Files (x86)\QuickTime Alternative\QTSystem
USERNAME=DuckG
OS=Windows_NT
PROCESSOR_IDENTIFIER=Intel64 Family 6 Model 58 Stepping 9, GenuineIntel



---------------  S Y S T E M  ---------------

OS: Windows 7 , 64 bit Build 7601 (6.1.7601.18933)

CPU:total 4 (2 cores per cpu, 2 threads per core) family 6 model 58 stepping 9, cmov, cx8, fxsr, mmx, sse, sse2, sse3, ssse3, sse4.1, sse4.2, popcnt, avx, aes, clmul, erms, ht, tsc, tscinvbit, tscinv

Memory: 4k page, physical 4098756k(214560k free), swap 5379924k(5240k free)

vm_info: Java HotSpot(TM) 64-Bit Server VM (25.45-b02) for windows-amd64 JRE (1.8.0_45-b15), built on Apr 30 2015 12:40:44 by "java_re" with MS VC++ 10.0 (VS2010)

time: Tue Sep 08 00:40:21 2015
elapsed time: 1 seconds (0d 0h 0m 1s)

