#
# There is insufficient memory for the Java Runtime Environment to continue.
# Native memory allocation (malloc) failed to allocate 65552 bytes for Chunk::new
# Possible reasons:
#   The system is out of physical RAM or swap space
#   In 32 bit mode, the process size limit was hit
# Possible solutions:
#   Reduce memory load on the system
#   Increase physical memory or swap space
#   Check if swap backing store is full
#   Use 64 bit Java on a 64 bit OS
#   Decrease Java heap size (-Xmx/-Xms)
#   Decrease number of Java threads
#   Decrease Java thread stack sizes (-Xss)
#   Set larger code cache with -XX:ReservedCodeCacheSize=
# This output file may be truncated or incomplete.
#
#  Out of Memory Error (allocation.cpp:390), pid=5400, tid=5492
#
# JRE version: Java(TM) SE Runtime Environment (8.0_45-b15) (build 1.8.0_45-b15)
# Java VM: Java HotSpot(TM) 64-Bit Server VM (25.45-b02 mixed mode windows-amd64 compressed oops)
# Failed to write core dump. Minidumps are not enabled by default on client versions of Windows
#

---------------  T H R E A D  ---------------

Current thread (0x0000000054e1f000):  JavaThread "C2 CompilerThread0" daemon [_thread_in_native, id=5492, stack(0x0000000056870000,0x0000000056970000)]

Stack: [0x0000000056870000,0x0000000056970000]
Native frames: (J=compiled Java code, j=interpreted, Vv=VM code, C=native code)
V  [jvm.dll+0x32b57a]


Current CompileTask:
C2:    892 1223       4       com.android.dx.ssa.SCCP::simulateBranch (666 bytes)


---------------  P R O C E S S  ---------------

Java Threads: ( => current thread )
  0x0000000056363800 JavaThread "Service Thread" daemon [_thread_blocked, id=3124, stack(0x0000000056990000,0x0000000056a90000)]
  0x00000000562ef000 JavaThread "C1 CompilerThread2" daemon [_thread_blocked, id=4988, stack(0x0000000056ae0000,0x0000000056be0000)]
  0x00000000562ee800 JavaThread "C2 CompilerThread1" daemon [_thread_in_native, id=4772, stack(0x0000000055f40000,0x0000000056040000)]
=>0x0000000054e1f000 JavaThread "C2 CompilerThread0" daemon [_thread_in_native, id=5492, stack(0x0000000056870000,0x0000000056970000)]
  0x0000000054e1c000 JavaThread "Attach Listener" daemon [_thread_blocked, id=5020, stack(0x00000000566d0000,0x00000000567d0000)]
  0x0000000054e0e000 JavaThread "Signal Dispatcher" daemon [_thread_blocked, id=3960, stack(0x0000000055d00000,0x0000000055e00000)]
  0x0000000054db6000 JavaThread "Finalizer" daemon [_thread_blocked, id=4412, stack(0x00000000561d0000,0x00000000562d0000)]
  0x0000000054daf000 JavaThread "Reference Handler" daemon [_thread_blocked, id=1928, stack(0x0000000056090000,0x0000000056190000)]
  0x0000000001c1e000 JavaThread "main" [_thread_in_Java, id=5296, stack(0x0000000002290000,0x0000000002390000)]

Other Threads:
  0x0000000054dab800 VMThread [stack: 0x0000000055e20000,0x0000000055f20000] [id=2744]
  0x0000000056383000 WatcherThread [stack: 0x0000000056d30000,0x0000000056e30000] [id=3428]

VM state:not at safepoint (normal execution)

VM Mutex/Monitor currently owned by a thread: None

Heap:
 PSYoungGen      total 18944K, used 13418K [0x00000000eab00000, 0x00000000ec000000, 0x0000000100000000)
  eden space 16384K, 66% used [0x00000000eab00000,0x00000000eb5a03e0,0x00000000ebb00000)
  from space 2560K, 99% used [0x00000000ebb00000,0x00000000ebd7a648,0x00000000ebd80000)
  to   space 2560K, 0% used [0x00000000ebd80000,0x00000000ebd80000,0x00000000ec000000)
 ParOldGen       total 44032K, used 2285K [0x00000000c0000000, 0x00000000c2b00000, 0x00000000eab00000)
  object space 44032K, 5% used [0x00000000c0000000,0x00000000c023b770,0x00000000c2b00000)
 Metaspace       used 5577K, capacity 6832K, committed 7040K, reserved 1056768K
  class space    used 550K, capacity 616K, committed 640K, reserved 1048576K

Card table byte_map: [0x0000000011750000,0x0000000011960000] byte_map_base: 0x0000000011150000

Marking Bits: (ParMarkBitMap*) 0x0000000066964040
 Begin Bits: [0x0000000012220000, 0x0000000013220000)
 End Bits:   [0x0000000013220000, 0x0000000014220000)

Polling page: 0x00000000001a0000

CodeCache: size=245760Kb used=4803Kb max_used=4803Kb free=240956Kb
 bounds [0x0000000002390000, 0x0000000002850000, 0x0000000011390000]
 total_blobs=1498 nmethods=1233 adapters=178
 compilation: enabled

Compilation events (10 events):
Event: 0.882 Thread 0x00000000562ef000 1231       3       com.android.dx.cf.code.Ropper::addExceptionSetupBlocks (203 bytes)
Event: 0.885 Thread 0x00000000562ef000 nmethod 1231 0x0000000002842790 code [0x0000000002842b80, 0x0000000002844ea8]
Event: 0.885 Thread 0x00000000562ef000 1234       3       com.android.dx.cf.code.BasicBlocker::getBlockList (208 bytes)
Event: 0.887 Thread 0x00000000562ef000 nmethod 1234 0x0000000002835190 code [0x0000000002835400, 0x00000000028365e8]
Event: 0.887 Thread 0x00000000562ef000 1235       3       com.android.dx.rop.type.Type::isUninitialized (13 bytes)
Event: 0.887 Thread 0x00000000562ef000 nmethod 1235 0x0000000002834e10 code [0x0000000002834f60, 0x0000000002835110]
Event: 0.887 Thread 0x00000000562ef000 1239       1       java.util.TreeMap$Entry::getValue (5 bytes)
Event: 0.887 Thread 0x00000000562ef000 nmethod 1239 0x0000000002834b50 code [0x0000000002834ca0, 0x0000000002834db0]
Event: 0.887 Thread 0x00000000562ef000 1240       3       com.android.dx.util.LabeledList::rebuildLabelToIndex (46 bytes)
Event: 0.888 Thread 0x00000000562ef000 nmethod 1240 0x000000000283e250 code [0x000000000283e400, 0x000000000283ea68]

GC Heap History (2 events):
Event: 0.682 GC heap before
{Heap before GC invocations=1 (full 0):
 PSYoungGen      total 18944K, used 16384K [0x00000000eab00000, 0x00000000ec000000, 0x0000000100000000)
  eden space 16384K, 100% used [0x00000000eab00000,0x00000000ebb00000,0x00000000ebb00000)
  from space 2560K, 0% used [0x00000000ebd80000,0x00000000ebd80000,0x00000000ec000000)
  to   space 2560K, 0% used [0x00000000ebb00000,0x00000000ebb00000,0x00000000ebd80000)
 ParOldGen       total 44032K, used 0K [0x00000000c0000000, 0x00000000c2b00000, 0x00000000eab00000)
  object space 44032K, 0% used [0x00000000c0000000,0x00000000c0000000,0x00000000c2b00000)
 Metaspace       used 5441K, capacity 6768K, committed 7040K, reserved 1056768K
  class space    used 547K, capacity 616K, committed 640K, reserved 1048576K
Event: 0.690 GC heap after
Heap after GC invocations=1 (full 0):
 PSYoungGen      total 18944K, used 2537K [0x00000000eab00000, 0x00000000ec000000, 0x0000000100000000)
  eden space 16384K, 0% used [0x00000000eab00000,0x00000000eab00000,0x00000000ebb00000)
  from space 2560K, 99% used [0x00000000ebb00000,0x00000000ebd7a648,0x00000000ebd80000)
  to   space 2560K, 0% used [0x00000000ebd80000,0x00000000ebd80000,0x00000000ec000000)
 ParOldGen       total 44032K, used 2285K [0x00000000c0000000, 0x00000000c2b00000, 0x00000000eab00000)
  object space 44032K, 5% used [0x00000000c0000000,0x00000000c023b770,0x00000000c2b00000)
 Metaspace       used 5441K, capacity 6768K, committed 7040K, reserved 1056768K
  class space    used 547K, capacity 616K, committed 640K, reserved 1048576K
}

Deoptimization events (9 events):
Event: 0.461 Thread 0x0000000001c1e000 Uncommon trap: reason=unstable_if action=reinterpret pc=0x000000000254712c method=com.android.dx.rop.cst.CstFieldRef.compareTo0(Lcom/android/dx/rop/cst/Constant;)I @ 7
Event: 0.548 Thread 0x0000000001c1e000 Uncommon trap: reason=unstable_if action=reinterpret pc=0x00000000025cf998 method=java.util.HashMap.getNode(ILjava/lang/Object;)Ljava/util/HashMap$Node; @ 129
Event: 0.560 Thread 0x0000000001c1e000 Uncommon trap: reason=class_check action=maybe_recompile pc=0x0000000002666680 method=com.android.dx.ssa.NormalSsaInsn.accept(Lcom/android/dx/ssa/SsaInsn$Visitor;)V @ 9
Event: 0.560 Thread 0x0000000001c1e000 Uncommon trap: reason=class_check action=maybe_recompile pc=0x0000000002666680 method=com.android.dx.ssa.NormalSsaInsn.accept(Lcom/android/dx/ssa/SsaInsn$Visitor;)V @ 9
Event: 0.661 Thread 0x0000000001c1e000 Uncommon trap: reason=null_check action=make_not_entrant pc=0x00000000026db3d0 method=com.android.dx.rop.type.Type.equals(Ljava/lang/Object;)Z @ 8
Event: 0.765 Thread 0x0000000001c1e000 Uncommon trap: reason=class_check action=maybe_recompile pc=0x0000000002666680 method=com.android.dx.ssa.NormalSsaInsn.accept(Lcom/android/dx/ssa/SsaInsn$Visitor;)V @ 9
Event: 0.804 Thread 0x0000000001c1e000 Uncommon trap: reason=unstable_if action=reinterpret pc=0x0000000002527e04 method=com.android.dx.rop.cst.Constant.compareTo(Lcom/android/dx/rop/cst/Constant;)I @ 12
Event: 0.812 Thread 0x0000000001c1e000 Uncommon trap: reason=class_check action=maybe_recompile pc=0x0000000002666680 method=com.android.dx.ssa.NormalSsaInsn.accept(Lcom/android/dx/ssa/SsaInsn$Visitor;)V @ 9
Event: 0.812 Thread 0x0000000001c1e000 Uncommon trap: reason=class_check action=maybe_recompile pc=0x0000000002626160 method=com.android.dx.ssa.NormalSsaInsn.accept(Lcom/android/dx/ssa/SsaInsn$Visitor;)V @ 9

Internal exceptions (3 events):
Event: 0.039 Thread 0x0000000001c1e000 Exception <a 'java/lang/NoSuchMethodError': Method sun.misc.Unsafe.defineClass(Ljava/lang/String;[BII)Ljava/lang/Class; name or signature does not match> (0x00000000eab12c18) thrown at [C:\re\workspace\8-2-build-windows-amd64-cygwin\jdk8u45\3627\hotspot\srñ~ŽÝã
Event: 0.039 Thread 0x0000000001c1e000 Exception <a 'java/lang/NoSuchMethodError': Method sun.misc.Unsafe.prefetchRead(Ljava/lang/Object;J)V name or signature does not match> (0x00000000eab12ea8) thrown at [C:\re\workspace\8-2-build-windows-amd64-cygwin\jdk8u45\3627\hotspot\src\share\vm\prims\j‰8£Tý)å?
Event: 0.661 Thread 0x0000000001c1e000 Implicit null exception at 0x00000000026db2d2 to 0x00000000026db3c2

Events (10 events):
Event: 0.811 Executing VM operation: Deoptimize
Event: 0.811 Executing VM operation: Deoptimize done
Event: 0.812 Thread 0x0000000001c1e000 Uncommon trap: trap_request=0xffffffde fr.pc=0x0000000002666680
Event: 0.812 Thread 0x0000000001c1e000 DEOPT PACKING pc=0x0000000002666680 sp=0x000000000238e250
Event: 0.812 Thread 0x0000000001c1e000 DEOPT UNPACKING pc=0x00000000023d582a sp=0x000000000238e190 mode 2
Event: 0.812 Thread 0x0000000001c1e000 Uncommon trap: trap_request=0xffffffde fr.pc=0x0000000002626160
Event: 0.812 Thread 0x0000000001c1e000 DEOPT PACKING pc=0x0000000002626160 sp=0x000000000238e1e0
Event: 0.812 Thread 0x0000000001c1e000 DEOPT UNPACKING pc=0x00000000023d582a sp=0x000000000238e180 mode 2
Event: 0.821 Thread 0x0000000001c1e000 DEOPT PACKING pc=0x000000000272929e sp=0x000000000238e1c0
Event: 0.821 Thread 0x0000000001c1e000 DEOPT UNPACKING pc=0x00000000023d787f sp=0x000000000238df28 mode 0


Dynamic libraries:
0x000000013fc10000 - 0x000000013fc47000 	C:\Program Files\Java\jdk1.8.0_45\bin\java.exe
0x0000000077360000 - 0x0000000077509000 	C:\Windows\SYSTEM32\ntdll.dll
0x0000000077240000 - 0x000000007735f000 	C:\Windows\system32\kernel32.dll
0x000007fefd480000 - 0x000007fefd4ec000 	C:\Windows\system32\KERNELBASE.dll
0x000007feff4c0000 - 0x000007feff59b000 	C:\Windows\system32\ADVAPI32.dll
0x000007fefecc0000 - 0x000007fefed5f000 	C:\Windows\system32\msvcrt.dll
0x000007fefdf10000 - 0x000007fefdf2f000 	C:\Windows\SYSTEM32\sechost.dll
0x000007fefed60000 - 0x000007fefee8d000 	C:\Windows\system32\RPCRT4.dll
0x0000000077140000 - 0x000000007723a000 	C:\Windows\system32\USER32.dll
0x000007fefd900000 - 0x000007fefd967000 	C:\Windows\system32\GDI32.dll
0x000007feff170000 - 0x000007feff17e000 	C:\Windows\system32\LPK.dll
0x000007fefd9f0000 - 0x000007fefdab9000 	C:\Windows\system32\USP10.dll
0x000007fefbca0000 - 0x000007fefbe94000 	C:\Windows\WinSxS\amd64_microsoft.windows.common-controls_6595b64144ccf1df_6.0.7601.17514_none_fa396087175ac9ac\COMCTL32.dll
0x000007fefdca0000 - 0x000007fefdd11000 	C:\Windows\system32\SHLWAPI.dll
0x000007feff5a0000 - 0x000007feff5ce000 	C:\Windows\system32\IMM32.DLL
0x000007fefde00000 - 0x000007fefdf09000 	C:\Windows\system32\MSCTF.dll
0x0000000073140000 - 0x0000000073212000 	C:\Program Files\Java\jdk1.8.0_45\jre\bin\msvcr100.dll
0x0000000066160000 - 0x00000000669e3000 	C:\Program Files\Java\jdk1.8.0_45\jre\bin\server\jvm.dll
0x000007fef8eb0000 - 0x000007fef8eb9000 	C:\Windows\system32\WSOCK32.dll
0x000007fefd970000 - 0x000007fefd9bd000 	C:\Windows\system32\WS2_32.dll
0x000007fefd9c0000 - 0x000007fefd9c8000 	C:\Windows\system32\NSI.dll
0x000007fef7470000 - 0x000007fef74ab000 	C:\Windows\system32\WINMM.dll
0x000007fefc410000 - 0x000007fefc41c000 	C:\Windows\system32\VERSION.dll
0x0000000077530000 - 0x0000000077537000 	C:\Windows\system32\PSAPI.DLL
0x0000000073a50000 - 0x0000000073a5f000 	C:\Program Files\Java\jdk1.8.0_45\jre\bin\verify.dll
0x00000000732d0000 - 0x00000000732f9000 	C:\Program Files\Java\jdk1.8.0_45\jre\bin\java.dll
0x00000000732b0000 - 0x00000000732c6000 	C:\Program Files\Java\jdk1.8.0_45\jre\bin\zip.dll
0x000007fefdf30000 - 0x000007fefecb9000 	C:\Windows\system32\SHELL32.dll
0x000007feff180000 - 0x000007feff383000 	C:\Windows\system32\ole32.dll
0x000007fefd2b0000 - 0x000007fefd2bf000 	C:\Windows\system32\profapi.dll

VM Arguments:
jvm_args: -Xmx1024M -Dfile.encoding=x-windows-949 -Duser.country=KR -Duser.language=ko -Duser.variant 
java_command: com.android.dx.command.Main --dex --output C:\Users\DuckG\Desktop\Pathword\MyApplication\app\build\intermediates\dex\debug C:\Users\DuckG\Desktop\Pathword\MyApplication\app\build\intermediates\classes\debug C:\Users\DuckG\Desktop\Pathword\MyApplication\app\build\intermediates\pre-dexed\debug\support-annotations-22.2.0-ac2f98c34c1d5c091435b7d7ba836b33ec915f06.jar C:\Users\DuckG\Desktop\Pathword\MyApplication\app\build\intermediates\pre-dexed\debug\classes-8c9737a54688a346b9e8617688614cc86845a551.jar C:\Users\DuckG\Desktop\Pathword\MyApplication\app\build\intermediates\pre-dexed\debug\internal_impl-22.2.0-3d2a7e21f6210c925432a526290f5d917c1af279.jar C:\Users\DuckG\Desktop\Pathword\MyApplication\app\build\intermediates\pre-dexed\debug\classes-1fbcc11d793157bd4faa20af771c1e992023dd13.jar C:\Users\DuckG\Desktop\Pathword\MyApplication\app\build\intermediates\pre-dexed\debug\classes-3fc662251be7214e85267023def9939e42321d6b.jar C:\Users\DuckG\Desktop\Pathword\MyApplication\app\build\intermediates\pre-dexed\debug\classes-059ef939d0bbcabf47f26c2ddba168238cea05e1.jar
java_class_path (initial): C:\Users\DuckG\AppData\Local\Android\sdk\build-tools\22.0.1\lib\dx.jar
Launcher Type: SUN_STANDARD

Environment Variables:
PATH=C:\ProgramData\Oracle\Java\javapath;C:\Program Files (x86)\Parallels\Parallels Tools\Applications;C:\Windows\system32;C:\Windows;C:\Windows\System32\Wbem;C:\Windows\System32\WindowsPowerShell\v1.0\;C:\Program Files (x86)\QuickTime Alternative\QTSystem
USERNAME=DuckG
OS=Windows_NT
PROCESSOR_IDENTIFIER=Intel64 Family 6 Model 58 Stepping 9, GenuineIntel



---------------  S Y S T E M  ---------------

OS: Windows 7 , 64 bit Build 7601 (6.1.7601.18933)

CPU:total 4 (2 cores per cpu, 2 threads per core) family 6 model 58 stepping 9, cmov, cx8, fxsr, mmx, sse, sse2, sse3, ssse3, sse4.1, sse4.2, popcnt, avx, aes, clmul, erms, ht, tsc, tscinvbit, tscinv

Memory: 4k page, physical 4098756k(191308k free), swap 5379924k(5084k free)

vm_info: Java HotSpot(TM) 64-Bit Server VM (25.45-b02) for windows-amd64 JRE (1.8.0_45-b15), built on Apr 30 2015 12:40:44 by "java_re" with MS VC++ 10.0 (VS2010)

time: Tue Sep 08 00:40:32 2015
elapsed time: 0 seconds (0d 0h 0m 0s)

